生成启动时间为 2018/7/18 0:13:16。
     1>项目“C:\Users\Dd\documents\visual studio 2013\Projects\GreedySnake\GreedySnake\GreedySnake.vcxproj”在节点 2 上(Build 个目标)。
     1>ClCompile:
         D:\C语言\VC\bin\CL.exe /c /ZI /nologo /W3 /WX- /sdl /Od /Oy- /D WIN32 /D _DEBUG /D _CONSOLE /D _LIB /D _UNICODE /D UNICODE /Gm /EHsc /RTC1 /MDd /GS /fp:precise /Zc:wchar_t /Zc:forScope /Fo"Debug\\" /Fd"Debug\vc120.pdb" /Gd /TP /analyze- /errorReport:prompt main.cpp
         main.cpp
     1>c:\users\dd\documents\visual studio 2013\projects\greedysnake\greedysnake\main.cpp(124): error C2065: “CLOCKS_PER_SEC”: 未声明的标识符
     1>c:\users\dd\documents\visual studio 2013\projects\greedysnake\greedysnake\main.cpp(124): error C3861: “clock”:  找不到标识符
     1>c:\users\dd\documents\visual studio 2013\projects\greedysnake\greedysnake\main.cpp(127): error C2065: “CLOCKS_PER_SEC”: 未声明的标识符
     1>c:\users\dd\documents\visual studio 2013\projects\greedysnake\greedysnake\main.cpp(127): error C3861: “clock”:  找不到标识符
     1>已完成生成项目“C:\Users\Dd\documents\visual studio 2013\Projects\GreedySnake\GreedySnake\GreedySnake.vcxproj”(Build 个目标)的操作 - 失败。

生成失败。

已用时间 00:00:00.86
